{
  "0 debug pnpm:scope": {
    "selected": 1
  },
  "1 error pnpm": {
    "errno": 1,
    "code": "ELIFECYCLE",
    "pkgid": "vite2-vue3@1.0.0",
    "stage": "dev",
    "script": "cross-env NODE_ENV=development vite --host",
    "pkgname": "vite2-vue3",
    "err": {
      "name": "pnpm",
      "message": "vite2-vue3@1.0.0 dev: `cross-env NODE_ENV=development vite --host`\nExit status 1",
      "code": "ELIFECYCLE",
      "stack": "pnpm: vite2-vue3@1.0.0 dev: `cross-env NODE_ENV=development vite --host`\nExit status 1\n    at EventEmitter.<anonymous> (C:\\Users\\Thinkpad\\AppData\\Roaming\\npm\\pnpm-global\\5\\node_modules\\.pnpm\\registry.npmmirror.com+pnpm@6.22.2\\node_modules\\pnpm\\dist\\pnpm.cjs:103408:20)\n    at EventEmitter.emit (events.js:400:28)\n    at ChildProcess.<anonymous> (C:\\Users\\Thinkpad\\AppData\\Roaming\\npm\\pnpm-global\\5\\node_modules\\.pnpm\\registry.npmmirror.com+pnpm@6.22.2\\node_modules\\pnpm\\dist\\pnpm.cjs:91337:18)\n    at ChildProcess.emit (events.js:400:28)\n    at maybeClose (internal/child_process.js:1058:16)\n    at Process.ChildProcess._handle.onexit (internal/child_process.js:293:5)"
    }
  },
  "2 warn pnpm:global": " Local package.json exists, but node_modules missing, did you mean to install?"
}